Invalid slash (/) encountered while parsing (tag "?PHP" with attributes). 
Invalid character (\) encountered while parsing (tag "A" with attributes). 
Invalid character ($) encountered while parsing (tag "?PHP" with attributes). 
Invalid character ($) encountered while parsing (tag "?PHP" with attributes). 
Invalid character ($) encountered while parsing (tag "?PHP" with attributes). 
Invalid character ({) encountered while parsing (tag "?PHP" with attributes). 
Invalid character ($) encountered while parsing (tag "?PHP" with attributes). 
Invalid character ($) encountered while parsing (tag "?PHP" with attributes). 
Invalid character ($) encountered while parsing (tag "?PHP" with attributes). 
Invalid character ($) encountered while parsing (tag "?PHP" with attributes). 
Invalid character (!) encountered while parsing (tag "?PHP" with attributes if=). 
Invalid character (!) encountered while parsing (tag "?PHP" with attributes if=). 
Invalid character (!) encountered while parsing (tag "?PHP" with attributes if=). 
Invalid character (!) encountered while parsing (tag "?PHP" with attributes if=). 
Invalid character (!) encountered while parsing (tag "?PHP" with attributes). 
Invalid character (!) encountered while parsing (tag "?PHP" with attributes). 
Invalid character (!) encountered while parsing (tag "?PHP" with attributes). 
Invalid character (!) encountered while parsing (tag "?PHP" with attributes). 
Invalid character (!) encountered while parsing (tag "?PHP" with attributes). 
Invalid character (!) encountered while parsing (tag "?PHP" with attributes). 
Invalid character (!) encountered while parsing (tag "?PHP" with attributes). 
